
2020-10-28 11:47:28 [scrapy.core.scraper] ERROR: Error processing {'lv_content': '阳光讯（记者徐瑞霞通讯员庄晓颇王静茹李秀秀）金秋十月，秋高气爽，景色怡人，恰逢国庆中秋“双节”，不一样的节日，不一样的氛围，来自疆内外的游客齐聚福海，观民俗，赏美景，品美食，垂钓乐，福海县十一黄金周旅游市场可谓是亮点纷呈，异常火爆。游客们畅游乌伦古湖福海县融媒体中心供图少去了夏日的喧嚣，秋天的乌伦古湖碧海蓝天，静谧安详。克拉玛依游客张春花就是被乌伦古湖独特的美景所吸引，趁着假期时间和朋友们一起出门游玩，来到了黄金海岸景区，一到景区就被这里的独特风光所吸引，拿起自拍杆不停地记录下美丽时刻。在游玩的同时她也不忘品尝福海的特色美食烤鱼。福海特色烤鱼福海县融媒体中心供图克拉玛依游客张春花说：“乌伦古湖不仅风景美，这里的烤鱼更有独特的味道，美景加美食，大家都说这趟乌伦古湖没有白来，今后我们还会到福海来旅游”乌伦古湖上垂钓的游客福海县融媒体中心供图据了解，“双节”期间，乌伦古湖黄金海岸景区为各地游客精心准备了“金秋十月福海魅力游”传承中华民族传统文化女娲补天神话故事、模特走秀、福海旅游知识抽奖问答、喝啤酒比赛活动、乘游船观鸟、爱鸟等系列活动，目的就让游客玩的开心，玩的舒心。游客们畅游乌伦古湖福海县融媒体中心供图十月的乌伦古湖，同样是鱼蟹满仓丰收的季节，乌伦古湖湖内盛产贝加尔雅罗鱼、白斑狗鱼等23种冷水鱼，湖内的白斑狗鱼、梭鲈、河鲈等均属于食肉性凶猛鱼类，非常适合路亚钓法。因此乌伦古湖也被称为“路亚天堂”，是不少垂钓爱好者向往之地。新疆福海海上魔鬼城福海县融媒体中心供图“双节”期间，来自昌吉的游客李萍女士，就选择到福海来旅游。“到福海来旅游，不仅仅能欣赏海上魔鬼城的壮美风光，而且在乌伦古湖钓鱼感觉特别过瘾，路亚钓狗鱼，手竿钓鲤鱼都可以，放松了心情，又愉悦了身心。”福海县百万阿勒泰羊转场文化旅游节开幕福海县融媒体中心供图跟随着季节的钟摆，哈萨克牧民在忙碌了一整个夏天之后，从容而满足的驮着沉甸甸的收获，来到了沙尔布拉克春秋牧场。10月2日—10月4日，福海县百万阿勒泰羊转场文化旅游节—牧归活动在沙尔布拉克转场文化旅游小镇胜利开幕，丰收的农牧民们欢聚一堂，用自己的方式共庆祖国华诞，活动同样吸引了来自疆内外的众多游客参与体验游牧文化，品味牧民的新生活。福海县百万阿勒泰羊转场文化旅游节上的归牧转场表演。福海县融媒体中心供图广州游客张若曦说“真是太兴奋了，这么壮观的转场场面，我们从来没有见过，还欣赏到了很多哈萨克族的民俗表演，更让感受到了这里各族人民大团结的浓厚氛围，我要回去告诉我们的亲戚朋友都来这里旅游。”据了解，“双节”期间，福海县共接待游客14.57万人次，旅游收入4373.25万元，同比增长777.85%，295.60%。编辑：薛瑜',
 'lv_img_url': 'http://www.iygw.cn/uploadfile/2020/1008/thumb_260_0_20201008073226551.png',
 'lv_title': '从一枝独秀到百花齐放，十一黄金周旅游亮点纷呈'}
Traceback (most recent call last):
  File "f:\programme evironment\python environment\python3\lib\site-packages\twisted\internet\defer.py", line 654, in _runCallbacks
    current.result = callback(current.result, *args, **kw)
  File "f:\programme evironment\python environment\python3\lib\site-packages\scrapy\utils\defer.py", line 150, in f
    return deferred_from_coro(coro_f(*coro_args, **coro_kwargs))
  File "F:\编程语言学习\Python的学习\Python Project\crawker\SpiderPro\SpiderPro\pipelines.py", line 52, in process_item
    self.fp.write(content.encode("utf-8"))
TypeError: write() argument must be str, not bytes
2020-10-28 11:47:28 [scrapy.core.scraper] ERROR: Error processing {'lv_content': '中秋节和国庆节将至今年，两节同时出现在10月1日天文专家表示，就21世纪而言这种“巧合”仅出现4次，比较罕见这么特殊的一天你准备怎么度过呢？快带孩子来碑林吧西安博物院和碑林博物馆都有超级好玩的研学活动赶紧报名吧西安博物院乐知学堂研学活动01迎国庆爱国主义教育活动01展国旗活动五星红旗是我们伟大祖国的标志和象征。国旗在大家手中缓缓展开，让我们在博物馆里齐唱国歌，为祖国母亲献上生日祝福吧！活动时间：2020年10月1日、10月2日、10月3日10:00-11:00活动地点：西安博物院一楼大厅活动人数：不限免费公益，无需报名，直接现场参加02小手做国旗，为祖国庆生让小朋友们亲手制作五星红旗，通过亲自动手，增进对国旗的了解，感知国旗、国庆节的意义，加强大家的爱国主义热情，体味幸福生活的来之不易。活动时间：2020年10月1日、10月2日、10月3日11:00-12:00活动地点：西安博物院二楼乐知学堂活动对象：6-12岁儿童活动人数：限报10人（可有一位家长陪同）活动报名:免费公益03播放爱国电影，传播正能量观看爱国影片，进一步了解国庆节的意义，了解先辈们为新中国所做出的努力，激发我们作为中国人的自豪感。活动时间:2020年10月1日、10月2日、10月3日14:00-16:00活动地点:西安博物院二楼乐知学堂活动人数:限报20人（可有一位家长陪同）免费公益,无需报名，直接现场参加02“月满中秋，皓月手中”快乐中华节——中秋节传统文化活动说到中秋，大家首先想到的是什么？是赏月、花灯，还是好吃的月饼？乐知学堂举行了一系列活动，邀请小朋友们一起，穿汉服、学礼仪、做月饼、制花灯，过一个充满“仪式感”的中秋节~活动内容：1、穿汉服、学礼仪2、讲中秋故事小讲座3、萌娃做月饼4、“花灯祈福”活动时间:2020年10月4日10:00-12:00活动地点:西安博物院二楼乐知学堂活动对象:6-15岁青少年活动人数:限报20人（可有一位家长陪同）活动报名:收费活动长按二维码扫码报名本场活动欢迎小朋友自备汉服参加(因为活动材料需要提前准备，本次活动采取预报名，活动报名截止日期为9月28日，心动的朋友们赶快扫码吧~)03“车马驰戮”车马器主题活动车字旁的马具你都认识吗？本次活动带领小朋友们在博物馆里亲眼见证西周到汉朝精美的青铜器，通过贴纸亲手装配马具、抢答等活动，在趣味横生的小游戏里加深对马具的认识。活动内容：1、基本参观：精品文物介绍2、知识导入小讲座：穿越必备生存技能——驾车御马3、游戏互动：“人靠衣装，马靠鞍”马具拍卖会活动对象：5-12岁儿童活动人数：限报20人（可有一位家长陪同）活动时间：2020年10月6日10:00-12:00活动地点：西安博物院二楼乐知学堂活动报名：收费活动长按二维码扫码报名特别提醒►门票预约——西安博物院门票需提前网上预约，预约方式：关注西安博物院微信公众号，点击右下角“游客服务”选择“门票预约”。预定成功后会生成“预约成功二维码”，在预约日凭此二维码及西安市“一码通”绿码，体温检测正常后有序入园。►守时——活动当天请提前10分钟签到，准时参加。►诚信——活动名额有限，请珍惜公共资源，切勿爽约而影响他人参与。如果有特殊情况不能参加，请于活动前1天12点之前在原报名平台申请取消。◆报名咨询电话：029-87568981西安碑林博物馆“寻味碑林月圆中秋”中华传统节日主题研学教育活动为了让青少年学习感知中秋节的来历和各地不同的文化习俗，西安碑林博物馆将在中秋节（10月1日）举办“寻味碑林月圆中秋”中华传统节日主题研学教育活动。活动主题：“寻味碑林月圆中秋”活动内容：1.中秋小课堂：了解中秋节的来历和各地文化习俗。2.做月饼：将不同口味的馅料包入月饼皮中用模型按压，制作出各式各样的月饼。3.DIY灯笼：将材料包中的彩灯拼接粘连，制作出中秋节灯笼。4.进展厅：由讲解员带领大家去寻找碑林中有关中秋节的内容。活动对象：8-12岁的小朋友（可有一名家长陪同参加）活动时间：中秋节当天（10月1日）上午9点活动报名截止时间（9月25日）活动地点：西安碑林博物馆【西安市碑林区三学街15号（文昌门内）】参与方式：1、电话预约：请拨打029—87288289（预约需提供孩子姓名+性别+孩子年龄+电话号码等相关信息和联系方式）。2、预约成功后会给您手机发送消息“您已报名成功，请按时参加活动”。特别提醒►活动参与人数10组，由于名额有限，按照电话预约先后顺序为准！►请您在活动当日上午9:00持预约成功短信于碑林博物馆泮池旁集合，在工作人员的引导下参与活动！►电话预约成功后，若活动当天未能按时参加，活动资格自动取消！(如遇特殊情况，请及时拨打029-87288289)►门票费用：儿童免费，家长65元/人（医务工作者门票免费）。►活动费用：按人次收取，每人50元/次。编辑：佳佳',
 'lv_img_url': 'http://www.iygw.cn/uploadfile/2020/0923/thumb_260_0_20200923085625954.jpg',
 'lv_title': '迎中秋 庆国庆| 带孩子来碑林，一大波活动报名开始啦'}
Traceback (most recent call last):
  File "f:\programme evironment\python environment\python3\lib\site-packages\twisted\internet\defer.py", line 654, in _runCallbacks
    current.result = callback(current.result, *args, **kw)
  File "f:\programme evironment\python environment\python3\lib\site-packages\scrapy\utils\defer.py", line 150, in f
    return deferred_from_coro(coro_f(*coro_args, **coro_kwargs))
  File "F:\编程语言学习\Python的学习\Python Project\crawker\SpiderPro\SpiderPro\pipelines.py", line 52, in process_item
    self.fp.write(content.encode("utf-8"))
TypeError: write() argument must be str, not bytes
2020-10-28 11:47:28 [scrapy.core.scraper] ERROR: Error processing {'lv_content': '国庆、中秋假期，总投资3.99亿元的兰州黄河楼启动试运营，为兰州黄河风情线再添“新坐标”；9月中旬，青海省文化和旅游厅，海东市委、市政府以“传承河湟文化弘扬黄河精神”为主题举办首届河湟文化论坛，专家学者共享保护传承弘扬黄河文化经验；总长度约190公里的河南三门峡百里黄河生态廊道正在推进建设，项目建成后将极大改善沿黄生态环境，并带动一批文化和旅游项目发展。当前，沿黄各省区积极推进文化和旅游业发展，涌现不少亮点。2019年9月，习近平总书记在郑州主持召开黄河流域生态保护和高质量发展座谈会并发表重要讲话。今年8月31日，中共中央政治局召开会议，审议《黄河流域生态保护和高质量发展规划纲要》。党中央对黄河流域生态保护和高质量发展作出一系列部署规划，为沿黄各省区和有关部门进一步推动文化和旅游业高质量发展指明方向。规划引领高质量发展沿黄各省区和有关部门加快制定相关规划、方案，采取有效举措推动黄河流域高质量发展，推进文化和旅游业高质量发展成为其中重要方面。今年9月，山西省第六次旅游发展大会召开，省委书记楼阳生提出，全力打造“黄河、长城、太行”三大板块文旅品牌。坚持高水准策划、高标准建设、高水平运营，紧密对接国家战略，将三大板块融入黄河国家文化公园、长城国家文化公园等战略体系，开发精品线路，把优质旅游资源变成优质产品，不断提升三大文旅品牌认知度、美誉度、影响力。河南省文化和旅游厅党组书记宋丽萍表示，一年来，河南省以黄河流域生态保护和高质量发展战略为契机，坚持文化和旅游融合发展，着力打造绿色生态带、根魂文化带、黄金旅游带，以保护传承弘扬黄河文化为主线，加快形成“一带一核三山五区”发展格局。下一步，河南省文化和旅游系统将进一步健全长效协作机制，加快推动黄河文化创造性转化、创新性发展，精心培育融合发展新业态、开创乡村旅游新局面、做好全域旅游发展大文章，合力构筑文化和旅游区域协作融合发展新高地，在文化和旅游业高质量发展中展现新担当、实现新作为。今年4月，经陕西省黄河流域生态保护和高质量发展领导小组同意，《陕西省推动黄河流域生态保护和高质量发展2020年工作要点》印发实施，明确提出保护传承弘扬黄河文化，包括实施黄河文化遗产系统保护工程，抓好重点文化园区、文化公园建设，谋划建设黄河文化旅游带，积极开展黄河文化宣传等内容。特色发展推进乡村振兴黄河流域各地依托自身资源发展旅游业，积极探索富有地域特色的高质量发展新路子，助力乡村振兴。国庆、中秋假期，山东东营市黄河口知青小镇迎来客流高峰。“假日期间我们早上5点到岗，为游客做好餐饮、住宿、参观等各个环节的服务。”小镇前厅工作人员江女士说，自己一年前还在家种地，如今实现了在家门口就业。东营市地处黄河入海口三角洲地带，该市提出打造黄河入海文化旅游目的地，并启动“旅游富民”行动计划，黄河口知青小镇便是该行动计划的落地项目之一。自2019年5月试营业以来，小镇为附近村民提供了客房服务、环卫保洁、景区管理等常设性和临时性就业岗位近百个。位于宁夏中卫市的南长滩村，是黄河入宁夏最先流经的村庄，有“宁夏黄河第一村”之称。这个拥有1200多年历史的黄河古村，拥有古朴的建筑、淳朴的民风，是宁夏首个“全国历史文化名村”。在全村几代人精心呵护下，村子越来越美，游客越来越多，如今70%的村民吃上了“旅游饭”，去年全村人均收入超8000元。内蒙古巴彦淖尔市位于黄河中游，其所在的河套灌区是我国三个特大型灌区之一。2019年9月，河套灌区被列入世界灌溉工程遗产名录。该市文化旅游广电局局长王瑞表示，近年来，巴彦淖尔市积极探索以农业为基础、以文化为灵魂、以旅游为平台的农文旅融合发展新路子，开发了农家乐、牧家乐、现代农业观光科技园、田园综合体等业态，打造了河套非遗小镇，实现农文旅相融相促。保护传承弘扬黄河文化去年12月，文化和旅游部与河南省委、省政府在河南洛阳召开学习贯彻习近平总书记关于保护传承弘扬黄河文化重要论述精神座谈会。会议指出，要牢牢把握“保护好、传承好、弘扬好”黄河文化这3个基本立足点，努力推动黄河文化创造性转化、创新性发展，共创新时代“黄河大合唱”。黄河流域各地积极推进黄河文化遗产系统保护，深入挖掘黄河文化蕴含的时代价值，讲好“黄河故事”。河南持续创新打造黄河文化研学产品。今年7月，河南省文化和旅游厅围绕历史文化、黄河文明、中国功夫等，推出文明溯源——历史文化博览之旅、大河之颂——水利水工探索之旅等10条暑期研学旅游精品线路。9月下旬，第十届兰州黄河文化旅游节期间，兰州文创旅游商品展吸引众多市民参观。兰州职业技术学院非物质文化遗产学院展台上，取材于黄河上游新石器时代晚期文化——马家窑文化元素的彩陶罐、彩陶瓮等展品引人注目。据介绍，该学院专门成立了以“非物质文化遗产”命名的二级学院，通过专业建设和人才培养，将甘肃黄河文化特色传统手工艺传承下去。黄河流域各地围绕黄河文化保护传承弘扬积极做好工作计划和规划。如陕西省文化和旅游厅今年4月印发了《2020年陕西省黄河文化保护传承弘扬工作计划》；《河南省黄河文化保护传承弘扬规划》以及河南省黄河流域非遗、文物、旅游3个专项规划已进入中期论证阶段，郑州、洛阳等沿黄地市相关规划正在同步推进。中央党校文史部教授祁述裕认为，要进一步做好黄河文化保护传承工作，针对黄河流域文化保护传承整体性、系统性研究不够，黄河文化亟待全面系统梳理，黄河流域各省区文化和旅游发展不均衡，黄河文化和旅游资源利用程度不高，缺乏有效的区域合作机制等问题开展系统性研究、出台相关举措。四川师范大学历史文化与旅游学院教授李小波认为，沿黄九省区各有优势和特色，可在上游建立川青甘宁“河山文旅联盟”，构建“河源—河湾—河洮—河湟—河套”黄河上游文化和旅游发展体系，在黄河中下游成立“黄河中西部战略联盟”，共同唱响新时代“黄河大合唱”。实习编辑：杜宇童',
 'lv_img_url': 'http://www.iygw.cn/uploadfile/2020/1026/thumb_260_0_20201026115418110.jpg',
 'lv_title': '沿黄各省区推动文化和旅游高质量发展'}
Traceback (most recent call last):
  File "f:\programme evironment\python environment\python3\lib\site-packages\twisted\internet\defer.py", line 654, in _runCallbacks
    current.result = callback(current.result, *args, **kw)
  File "f:\programme evironment\python environment\python3\lib\site-packages\scrapy\utils\defer.py", line 150, in f
    return deferred_from_coro(coro_f(*coro_args, **coro_kwargs))
  File "F:\编程语言学习\Python的学习\Python Project\crawker\SpiderPro\SpiderPro\pipelines.py", line 52, in process_item
    self.fp.write(content.encode("utf-8"))
TypeError: write() argument must be str, not bytes
2020-10-28 11:47:28 [scrapy.core.scraper] ERROR: Error processing {'lv_content': '10月25日0时起，全国民航进入冬春航季，正式启用2020—2021年冬春季飞行计划，到明年3月27日，共计154天。目前，全国民航航班换季工作已准备就绪，各航空公司新开多条国内航线，冬春航季共有近200家国内外航空公司，每周共安排客货航班计划9万4809班。新增322条国内航线全国民航进入冬春航季34家航司新增322条国内独家航线根据计划，各航空公司在新航季将新开多条国内航线，34家航空公司新增国内独家航线322条，每周共安排2617个航班运营，主要涉及巴中、毕节、大理、临沧、岳阳、池州、赣州、遵义等机场与西安、兰州、成都、重庆、郑州、广州、南京、天津等机场间的航线。华北空管局完成冬春航班换季工作华北空管局相关负责人介绍：“此次换季除了航班量增加外，最大的特点是部分航司的北京往返航班将转至大兴机场。”对此，大兴空管中心重点关注早中晚时段的进出港流、高峰流，严格核对航班计划、严格执行主干管制员和助理管制员交叉喊话制度，同时与流量管理室、终端管制中心等单位加强协作，利用华北地区流量管理协同系统，让大兴机场的“三纵一横”四条跑道充分发挥运行效率。上海虹桥机场国内航班创新高浦东机场航班恢复9成以上换季后，上海浦东机场每日计划航班量预计将达1379架次，其中客运航班达1132架次，航班总量将恢复至去年同期9成以上。上海虹桥机场每日计划航班量增加到740架次，较上一航季日均提升7架次，创下国内航班计划量新高。浦东机场国内通航点将达149个，较同期航季新增19个；国内航班占比从50%逐步提升至80%以上；每周国内航班预计将达7362班，同比增长超40%，其中超过80个客运通航城市日频增加1班及以上。南航在京航班全部转至大兴机场10月25日起，南航从广州、深圳、成都、昆明四地所有往返北京的航班全部转至大兴机场运行，南航提前5个月将往返北京的航班全部转至大兴机场运营。新航季，南航集团（含厦航、河北航）计划日均航班量超过2500班次，执行航线接近600条，其中在大兴机场日均计划航班量超过400班次，通达国内40余个航点，搭建起“四进四出”的航班波，形成辐射京津冀和雄安新区、连接全国各地的航线网络。东航冬春航季国内运力同比增投19%东航在本航季共计获得民航局批准的日均2830班次航班，其中国内航班日均2790班，地区航班日均36班，国际航班每周29班。国内航线方面，东航进一步强化枢纽建设，优化航班结构，将执行国际航班的部分运力转投国内航班，国内运力同比2019冬航季增投19%。国际航线方面，东航将严格执行民航局国际客运航班“五个一”政策，后续航班计划将根据民航局政策进行动态调整。什么是航班换季？春夏秋冬一年四季轮转，每次换季。人们总会增减衣物、调整饮食，以应对变化的天气。但你知道，其实航班也会分季节、也需要换季么？我国民航系统每年都要进行两次航班计划调整，每年3月的最后一个星期日至10月的最后一个星期六执行夏秋季航班计划，10月的最后一个星期日开始到第二年3月的最后一个星期六执行冬春季航班计划，称为“航班换季”。航班换季主要涵盖增加新航线、增加新航班、调整航班时刻、调整航班线路，取消航线、航班等项工作。为什么要进行航班换季？航班换季一方面是考虑到旅游业的淡旺季、人们出行的周期性。根据航季的不同，各航空公司将参照执行的航班收益情况，在新航季里对现有航班进行调整。例如夏秋航季开启后，三亚航班减少，因为夏季通常是海南旅游淡季，游客少，所以航空公司相应减少航班。而冬季北方寒冷，凭借温暖怡人的气候，三亚在冬季更受欢迎，航班数量会随之增加。另一方面，根据我国的实际情况，夏秋和冬春之间全国天气、气压都有很大的差异，导致飞行标准会有很大的不同。航空公司对航班进行调整，既是为了安全，也是为了方便旅客。换季交接期间这些购票细节要留意航班换季牵扯到航路航线、航班时刻、取消变更等诸多工作，如果旅客正好这段时间计划出行，这些小Tip一定要留意~1.认真核对出行航班、时刻、目的地机场等信息这些信息是航班换季后各航空公司普遍要变更的内容，大家一定要注意换季后的航班时刻信息。2.出行前向航空公司或售票处查询航班情况如果仍然按照换季前的航班信息来预订，很有可能遭遇航线取消、航班时间变化的情况。有些旅客由于曾经乘坐过某条航线的航班，根据自己的经验，就认为这个航班会一直保留，然而到了出行前去购票的时候才知道该航班已经取消或者更改了时刻，从而影响了自己的出行计划。所以，需要出行，尤其是想要购买国际机票的旅客，更应该提早向航空公司售票点咨询航班时刻。3.预留本人联系方式大家在购买飞机票时最好留下可以联系到本人的联系方式，以便在航班变更时，航空公司能够及时通知到本人，做好相应的后续工作。编辑：徐瑞霞',
 'lv_img_url': 'http://www.iygw.cn/uploadfile/2020/1026/thumb_260_0_20201026044628636.jpg',
 'lv_title': '全国民航进入冬春航季 出行前这些要留意'}
Traceback (most recent call last):
  File "f:\programme evironment\python environment\python3\lib\site-packages\twisted\internet\defer.py", line 654, in _runCallbacks
    current.result = callback(current.result, *args, **kw)
  File "f:\programme evironment\python environment\python3\lib\site-packages\scrapy\utils\defer.py", line 150, in f
    return deferred_from_coro(coro_f(*coro_args, **coro_kwargs))
  File "F:\编程语言学习\Python的学习\Python Project\crawker\SpiderPro\SpiderPro\pipelines.py", line 52, in process_item
    self.fp.write(content.encode("utf-8"))
TypeError: write() argument must be str, not bytes
2020-10-28 11:47:28 [scrapy.core.scraper] ERROR: Error processing {'lv_content': '据文化和旅游部11日消息：近期，由于捷克境内新冠肺炎疫情出现快速反弹迹象，文化和旅游部提醒中国公民暂勿前往捷克旅游。字少事大！据报道，当地时间10日，捷克单日新增新冠肺炎病例1382例，创下捷克单日新增病例纪录，病例总数达32413人。应对疫情走高，捷克政府采取了更为严格的口罩佩戴政策。捷克是欧洲第一个下令要求公众在公共场合佩戴口罩的国家。有报道称，捷克也是夏季欧洲最快放宽疫情防控限制措施的国家。据英国《卫报》报道，5月，捷克取消了佩戴口罩的强制要求。捷克政府也重新开放了包括俱乐部和舞厅在内的服务场所，将公众活动人数上限上调至千人以上。“第二波”来了！欧洲疫情形势再告急9月，欧洲多国疫情持续反弹。整个欧洲的新冠病毒感染数据已再次超过美国。欧盟27个成员国以及英国、挪威和列支敦士登周三报告的新增病例总计是2万7233例，同日美国新增2万6015例。据报道，法国新增新冠确诊病例近万例，创单日新高；西班牙日增新冠病例超四千例，53所学校出现确诊；英国连续五天新增新冠病例超两千例；德国单日新增新冠确诊病例近两千例……面对疫情反弹，欧洲多国纷纷恢复了强制佩戴口罩、限制聚集活动人数上限等措施，并升级旅行限制，用各种防疫规定为“开学季”提供保障。专家认为，部分民众缺乏防疫意识、有的地方过早放松防疫措施、度假人员回国等因素导致了欧洲疫情反弹。法国免疫学家、新冠疫情科学委员会负责人让-弗朗索瓦·德尔弗雷西日前表示，法国疫情“反弹且不断加剧”，主要是因为人们缺乏防疫意识，没能保持社交距离。在目前仍无有效药物和疫苗的情况下，民众应提高公共卫生意识。德国汉诺威兽医大学病毒学家艾伯特·奥斯特豪斯表示，目前的病例增加表明欧洲放松防控措施时间过早、幅度过大。钟南山提醒世界疫情远远没有结束钟南山：“从世界范围看起来，疫情远远没有结束，对我们来说任务还是很重。因为中国一个国家好，那不可能换来全世界的安宁，所以有很多的事情要做，除了中国做好以外，还有跟全世界的各国共同努力、团结，才能赢得抗疫斗争的最后胜利。”编辑：薛瑜',
 'lv_img_url': 'http://www.iygw.cn/uploadfile/2020/0912/thumb_260_0_20200912114123240.jpg',
 'lv_title': '字少事大！文旅部提醒：暂勿前往此地旅游！'}
Traceback (most recent call last):
  File "f:\programme evironment\python environment\python3\lib\site-packages\twisted\internet\defer.py", line 654, in _runCallbacks
    current.result = callback(current.result, *args, **kw)
  File "f:\programme evironment\python environment\python3\lib\site-packages\scrapy\utils\defer.py", line 150, in f
    return deferred_from_coro(coro_f(*coro_args, **coro_kwargs))
  File "F:\编程语言学习\Python的学习\Python Project\crawker\SpiderPro\SpiderPro\pipelines.py", line 52, in process_item
    self.fp.write(content.encode("utf-8"))
TypeError: write() argument must be str, not bytes
2020-10-28 11:47:28 [scrapy.core.scraper] ERROR: Error processing {'lv_content': '金秋时节漫步杨树林中踩着松软的落叶领略大自然的洒脱……近日，五台杨树林郊野公园建成开放，以自然、野趣的独特风光,吸引了大量市民游客前来打卡，让市民游客感受最美的秦岭风情。记者看到，五台杨树林郊野公园位于西甘村南侧，占地面积42亩，这里就是曾经环山路的网红杨树林，如今有了自己的新名片——杨树林郊野公园，根据南高北低的地势，在原有杨树林基础上略加改造，补植芦苇等郊野绿植，打造出自然起伏的田园景观。道路两侧以田园花草点缀，形成望仙台、芦苇荡、荐书林3大主题区域。雨后的郊野公园，空气更加清新，林间盛开的迷人五彩花朵，吸引了不少游人在此驻足欣赏拍照。微风吹过，不少杨树叶随风飘落，形成一道迷人风景，令人流连忘返。公园深处，顺着蜿蜒的石板路行走，两侧的花儿蓬勃绽放，茂盛得仿佛随时要涌上石板路，花丛中，偶尔看到一位游人坐在林间的休憩凳子上，专心捧读手中的书，让人不忍打扰。家住长安区五台街道西甘村的老杨说，自打村子南边建起了杨树林郊野公园，别的公园就去得少了。“村口这个公园离家近，景色也不错，没事的时候可以来这里看看风景。”老杨说。据郊野公园项目负责人高娇介绍，郊野公园自然是地处郊外。过去这里是一片杨树林，由于树种单调，又没有道路等相应的配套设施，所以始终是片“野地”。近年来，为了响应“花园乡村”建设要求，为附近群众打造休闲游玩得好去处，五台街办将这里建为郊野公园”。既称郊野公园，必强调“野趣”。老杨骄傲地说：“这只是平常的一天，等到了周末，这里人气就更旺了，不但附近村民会来休闲娱乐，很多城里人也会自驾到这里游玩、体验原生态，有人还拍抖音、快手，让更多的城里人了解咱这个公园。”高大挺拔的杨树林，惬意迷人的林间花海。五台杨树林郊野公园以自然、野趣的独特风光,为周边的群众提供了一个休闲、娱乐、健身活动的理想之地,也让久居城市的人们眼前一亮，吸引了大量的市民游客前来打卡。“杨树林最美的姿态在秋天，漫步金黄的林中，吹着清爽的风儿，领略大自然的洒脱。希望更多的市民来这里散心、放松、回归自然。”高娇向市民游客发出邀请。五台杨树林郊野公园地址：长安区西甘村南侧（化龙沟大桥附近）编辑：佳佳',
 'lv_img_url': 'http://www.iygw.cn/uploadfile/2020/0914/thumb_260_0_20200914051035282.jpg',
 'lv_title': '悄悄告诉你，西安又有“网红”公园开放，免费！'}
Traceback (most recent call last):
  File "f:\programme evironment\python environment\python3\lib\site-packages\twisted\internet\defer.py", line 654, in _runCallbacks
    current.result = callback(current.result, *args, **kw)
  File "f:\programme evironment\python environment\python3\lib\site-packages\scrapy\utils\defer.py", line 150, in f
    return deferred_from_coro(coro_f(*coro_args, **coro_kwargs))
  File "F:\编程语言学习\Python的学习\Python Project\crawker\SpiderPro\SpiderPro\pipelines.py", line 52, in process_item
    self.fp.write(content.encode("utf-8"))
TypeError: write() argument must be str, not bytes
2020-10-28 11:47:28 [scrapy.core.scraper] ERROR: Error processing {'lv_content': '七夕月半弯，约你在长安。8月25日19：00—20：30，人民网人民视频将联合携程集团推出“十二时辰长安秀”文旅专场，通过现场直播互动等方式，为全球用户带来一场文旅饕餮盛宴。届时，携程知名旅行博主们将在大唐西市讲述西安的文旅故事，推荐西安及陕西的热门景点、爆款酒店、特价机票等优质旅游产品。据了解，携程预计将为此次文旅专场投入上千万元产品优惠补贴，部分产品优惠低至5折。携程集团相关负责人表示，希望通过这样的方式，拉动陕西、西安旅游消费，助推当地经济高质量发展。“十二时辰长安秀”，是一场全国首创的24小时不间断大型城市秀活动，借助网剧《长安十二时辰》IP原型，基于陕西文化特色和全国市场消费需求，深度融合文旅、脱贫、商业、美食、消费等主题，以文化赋能消费，秀出精彩西安，秀出大美陕西，秀出活力中国。活动由陕西省委宣传部指导，西安市委宣传部、人民网人民视频、陕西广电融媒体集团共同主办，曲江新区管委会、陕文投云创科技、娱跃文化联合承办。“十二时辰长安秀”由梦回大唐、乐享西安、力量长安三大篇章构成，以文化自信、绿水青山、人间烟火、脱贫攻坚、西迁精神为关键词，分成十二个主题，将展示以西安为核心，辐射陕西全域的众多重要点位，串联起今日西安与古代长安之间的跨时空文化历史连接点。观看直播、获取优质陕西旅游产品方式：携程小程序、人民视频APP、“游陕西”APP等平台。编辑：薛瑜',
 'lv_img_url': 'http://www.iygw.cn/uploadfile/2020/0821/thumb_260_0_20200821102552410.jpg',
 'lv_title': '七夕专场 携程投入千万补贴助力陕西旅游消费'}
Traceback (most recent call last):
  File "f:\programme evironment\python environment\python3\lib\site-packages\twisted\internet\defer.py", line 654, in _runCallbacks
    current.result = callback(current.result, *args, **kw)
  File "f:\programme evironment\python environment\python3\lib\site-packages\scrapy\utils\defer.py", line 150, in f
    return deferred_from_coro(coro_f(*coro_args, **coro_kwargs))
  File "F:\编程语言学习\Python的学习\Python Project\crawker\SpiderPro\SpiderPro\pipelines.py", line 52, in process_item
    self.fp.write(content.encode("utf-8"))
TypeError: write() argument must be str, not bytes
2020-10-28 11:47:28 [scrapy.core.scraper] ERROR: Error processing {'lv_content': '靓丽的、身着汉服的年轻人成为西安街头的一道风景线。在国内疫情持续好转、旅游产业复工复产的当下，又恰逢国庆节与中秋节相遇，8天长假时间充足。多家旅游机构发布的十一黄金周数据显示，今年国庆、中秋假期期间，游客的出游热情高涨，十一有望迎来今年首个旅游高峰和消费黄金周，同时预计也是近年来性价比最高、服务最好的旅游长假。西安上榜国庆期间十大客源地，同时，国庆西安自由行销售火爆，比9月同期预订增长150%以上。十一将成今年首个旅游高峰今年国庆超级长假连休8天，给旅游尤其是国内长线游带来极大利好。文化和旅游部日前印发《关于做好2020年国庆节、中秋节假期旅游景区开放管理工作的通知》，要求各地着力推动旅游景区复工复产复业，按照“限量、预约、错峰”要求，确保假日旅游景区开放安全、平稳、有序。旅游景区要有序推进秋冬季旅游景区开放管理，接待游客量不超过最大承载量的75%；按照“能约尽约”的原则，严格落实分时预约制度，切实提升旅游景区服务管理水平；坚决制止餐饮浪费行为，指导旅游景区加强餐桌文明宣传，有效制止旅游景区内的餐饮浪费现象。9月2日开始新疆跨省旅游恢复，随着疫情的稳定，国内除港澳台地区以外，已经全面恢复跨省旅游，这为国庆长假在国内旅游提供了最佳条件。据携程预计，选择超过5天的国内跨省长途跟团游、自由行产品的人数和比例，预计将创今年的新高，今年十一将成为全年首个旅游高峰和消费黄金周。国内疫情控制好、旅游复苏快，提升了国人外出旅游消费的信心。根据国家防疫政策，低风险地区持绿码可自由有序流动。在出境游尚未恢复之际，国内游成为绝对的主角，全国各省市在恢复跨省游之后不断发力，抢夺游客，众多省市推出促进旅游发展的利好政策和优惠措施，发放优惠券；全国数百家知名景区实施不同程度的免费优惠政策，预计黄金周各大景区和热门目的地将重现久违的消费热。旅行社也积极备战黄金周，携程平台4000多家国内游旅行社已经上线数万条国庆旅游产品，覆盖“安心游”标签，实行验码、测温、消毒等安心游标准，提供早订优惠折扣。目前预订十一黄金周跟团、自由行、定制、租车等业务出游的高峰已经开始。西安上榜十大客源地根据目前的携程度假产品预订数据，上海、北京、广州、成都、深圳、杭州、南京、武汉、重庆、西安，预计是国庆旅游十大客源地。记者从西安多个旅行社了解到，西安市民报名国庆旅游已开始升温。陕西MOMOPARK携程门店经理李晓峰表示，最近两周接到国庆出游的咨询比8月翻了好几倍。从线上预订搜索数据来看：陕西人国庆出游，最关注三亚、丽江、拉萨、敦煌、乌鲁木齐等目的地。在蓝天白云下，在绿树掩映中，欣赏“一波碧水绕城墙”的美景，是多么美好的体验！10月1日，西安城墙护城河景区及环城公园将全面建成并免费开放。西安成国庆中线出行首选国庆黄金周，哪些目的地会走红？由于无法出境游，游客转而奔向国内小众、深度游目的地，利用8天长假走得更远。根据携程旅游度假产品预订搜索数据：今年十一长假“大西北”旅游热度大幅增长，中长线旅行成国庆旅行新趋势。携程旅游大数据实验室研究员彭亮认为：今年黄金周将有几大旅游热门目的地，包括海南、云南、四川、陕西等旅游大省和国内著名旅游城市，承接了出境游内化转换为国内游的部分需求，预计黄金周将依旧呈现“人从众”现象。极具特色的城市西安、昆明、杭州等热度依旧，以这些城市为核心的3日至5日游，成为国庆中线出行的首选。同程旅行数据显示，受周边游需求拉动，部分城市周边民宿及度假酒店出现“一房难求”的情况。西安成为国庆中线出行的首选。近几年，西安文旅热度不减，先后被评为全国“网红城市”十强、全国暑期十大热门旅游目的地，同时获批全国首批研学试点城市。西安不仅是“中国十大夜经济影响力城市”之一，西安大唐不夜城更是被商务部评为首批“全国示范步行街”。古都深厚的文化底蕴和现代时尚气息交相辉映，魅力大增。此外，西安的惠民活动、文旅体验活动不断推陈出新，吸引眼球。西安现有50余家免费开放的景区，今年8月1日起，大唐芙蓉园和楼观生态文化旅游度假区也实行免费开放。国庆期间，华夏文旅西安度假区、西安宋城演艺王国、白鹿仓等20余家景区也推出了不同程度的优惠政策。自由行、自驾租车、高端游、私家团走红在出游个性化需求明确、防疫意识增强的背景下，小团游、定制游、自驾游等成为热点。数据显示，有4成以上国庆假期计划出游的消费者更倾向于选择定制旅游这一新鲜“玩法”。疫情加速催生了国内旅游“新跟团”时代的来临，精致小团、私家团产品成为网红。根据携程自营数据，预订9、10月份出行的跟团游，一单一团、专车专导的私家团订单占比已经超过20%，精致小团占比超过40%，小团占比已经超过2/3。小团拥有服务好、行程灵活、私密度高、个性化程度强等特点。此外，国内自驾游发展迅速。受疫情影响，国内游客越来越倾向于选择自由度高、安全性更好的自驾方式出行。在今年长达8天的“加强版”国庆黄金周中，不少游客选择自驾前往内蒙古、云南和西部省市开启长线自驾之旅。马蜂窝旅游大数据显示，“国庆自驾游”搜索热度周环比上涨153%。据携程预计，2020黄金周十大网红目的地（线路）包括海西、中卫、西双版纳、雨崩、武功山、腾冲、北海、四姑娘山、稻城、日喀则等。机票+酒店自由行也成为不少游客的选择。根据携程数据，在海南、四川、云南等热门目的地，国庆自由行产品预订环比9月同期增长100%以上。目前，携程平台提供1万多条国庆国内自由行产品可供选择，预订人气呈上扬趋势。省心省力、有全程服务的跟团游依然是国庆市场的主力军，低价低质的产品不再流行。游客宁愿多花一点钱购买好的体验和服务，国庆期间选择入住五星酒店、精品客栈、高端民宿的跟团游自由行订单比例大幅提升。记者从携程平台获悉：受疫情后机票、酒店价格降低以及全国多地景区免费、折扣等和旅行社促销等因素影响，国庆跟团、自由行等打包产品人均卖价稳中有降，消费者可以以3钻的价格买4钻的产品和服务。预计今年十一旅游黄金周是近年来性价比最高、服务最好的旅游长假。业内人士建议，国庆旅游关键是早订或错峰，对于热门目的地、产品，一定要提前预订。携程相关人士介绍：旅行社推出早鸟特价，如在携程预订黄金周产品，一般提前2—3周预订都会有立减数百元的早鸟特惠。直播囤货抢预售产品也是不错的选择。同时，景区工作人员提示，免门票开放并不意味着可以随意进入景区，游客仍要谨记“无预约不旅游”，配合景区做好入园健康检测、游客分流管控等疫情防控工作。（记者李卫文/图）编辑：徐瑞霞',
 'lv_img_url': 'http://www.iygw.cn/uploadfile/2020/0924/thumb_260_0_thumb_551_388_20200924124711789.jpg',
 'lv_title': '国庆遇上中秋 十一有望成今年首个旅游高峰'}
Traceback (most recent call last):
  File "f:\programme evironment\python environment\python3\lib\site-packages\twisted\internet\defer.py", line 654, in _runCallbacks
    current.result = callback(current.result, *args, **kw)
  File "f:\programme evironment\python environment\python3\lib\site-packages\scrapy\utils\defer.py", line 150, in f
    return deferred_from_coro(coro_f(*coro_args, **coro_kwargs))
  File "F:\编程语言学习\Python的学习\Python Project\crawker\SpiderPro\SpiderPro\pipelines.py", line 52, in process_item
    self.fp.write(content.encode("utf-8"))
TypeError: write() argument must be str, not bytes
2020-10-28 11:47:28 [scrapy.core.scraper] ERROR: Error processing {'lv_content': '不平静的2020年过去大半经历了疫情期间宅家的苦闷还有不能出门旅游的压抑每个人的心底都有冲出去畅游撒欢的冲动如果有一次不用花钱的出行该有多好金秋九月是丰收的季节固原山区也迎来景色最美的季节沉寂一年的网络达人浪固原终于重启宁夏新闻网和固原市委网信办再度牵手约你来一场免费的逛吃逛吃之旅在十一长假之前放飞自己如果你喜欢刷微博、刷抖音、刷朋友圈如果你爱走、爱写、爱拍、爱分享如果你在社交网络平台有众多粉丝如果你是政务新媒体和自媒体运营者你就是我们期待中的网络达人和网红那就和我们一起get旅游新玩法5天4夜你将切身感知丝路古镇、高原绿岛底蕴厚重的历史文化优美如画的生态环境淳朴憨厚的乡风民俗赏心悦目的美景美食革命先辈的红色足迹在须弥山石窟，与历史对话，穿越时空隧道在火石寨，看丹霞地貌，体验玻璃吊桥刺激在大山深处龙王坝，体验最美乡村农家生活在老巷子等你，见证爱情，感受非遗传承在六盘山走红军小道，重温革命峥嵘岁月在泾河源头，听魏征梦斩蛟龙和柳毅传书的神话住窑洞宾馆，吃农家饭、零距离感受农家生活和脱贫攻坚巨变在梯田摘苹果、在山城赏夜景在山巅观云海、在古镇品文化在森林拈花惹草、在最美公路尽情自拍……这是一场人文之旅、这是一场历史之旅这是一场生态之旅，这是一场红色之旅这是一场美景之旅，这是一场美食之旅这是一场联谊之旅，这是一场互动之旅和传说中的名人大咖大V网红一起出行错过这个机会至少要后悔一年红绿六盘，美丽固原相约六盘，不见不散我在老巷子等你“网络达人浪固原”第8季活动将于9月26日-30日举办，区、市、县联动，从传统媒体、政务新媒体、社会自媒体和社交网络平台招募微信、微博、抖音、快手达人60名，“看固原发展”“观固原文化”“品固原生活”“尝固原美食”“游固原美景”，全方位、多层次、全媒体展示全市山水美、业态美、城乡美、环境美、生活美“五美融合”发展新格局，展现固原生态优先、绿色发展的深刻变化。日程安排：D19月26日（星期六）银川-固原、联谊活动暨启动仪式D2原州区姚磨村蔬菜基地采摘、三营镇山楂推广示范基地采摘、禅塔山自然修复和人工造林示范点、须弥山博物馆、西吉火石寨玻璃吊桥和滑索体验、龙王坝节目展演、篝火晚会、宿窑洞宾馆D39月28日（星期一）隆德凤岭乡于河村魏氏砖雕非遗项目体验、老巷子、渝河生态治理、六盘山长征纪念馆、卧龙山公园D49月29日（星期二）泾源兴盛乡新旗村、六盘山森林公园小南川、植物博物馆、彭阳红河镇苹果示范试验园采摘、茹河瀑布、金鸡坪梯田、茹河生态治理、彭阳夜景D59月30日（星期三）固原博物馆、六盘玩美乐园、返回银川除了5天4夜的深度免费体验外，还准备了总价值上万元的丰厚奖品，将对宣传效果突出的优秀者进行奖励。招募时间：即日起至9月24日报名方式：参与微博、抖音、今日头条#这里是固原#、#网络达人浪固原#话题讨论，并发送报名表至邮箱：lagguyua8@qq.com联系人：韩太召电话：18210946739主办单位：固原市委宣传部、固原市委网信办、固原市文化旅游广电局协办单位：原州区委网信办、西吉县委网信办、隆德县委网信办、泾源县委网信办、彭阳县委网信办、六盘山红军长征纪念馆、宁夏六盘山旅游集团有限公司承办单位：宁夏新闻网扫描二维码下载报名表编辑：佳佳',
 'lv_img_url': 'http://www.iygw.cn/uploadfile/2020/0923/thumb_260_0_20200923064649943.jpg',
 'lv_title': '#网络达人浪固原#第8季启动|招募各路网络达人'}
Traceback (most recent call last):
  File "f:\programme evironment\python environment\python3\lib\site-packages\twisted\internet\defer.py", line 654, in _runCallbacks
    current.result = callback(current.result, *args, **kw)
  File "f:\programme evironment\python environment\python3\lib\site-packages\scrapy\utils\defer.py", line 150, in f
    return deferred_from_coro(coro_f(*coro_args, **coro_kwargs))
  File "F:\编程语言学习\Python的学习\Python Project\crawker\SpiderPro\SpiderPro\pipelines.py", line 52, in process_item
    self.fp.write(content.encode("utf-8"))
TypeError: write() argument must be str, not bytes
2020-10-28 11:47:28 [scrapy.core.scraper] ERROR: Error processing {'lv_content': '还记得吗你的童年记忆中或许有一个角落属于马戏团老虎的雄姿、狮子的威猛、猴子的机敏……还有总是让人捧腹大笑的小丑和惊险刺激的杂技表演总能让童年留下快乐的回忆疫情不远出，国庆七天乐在家也快乐9月30日--10月6日皇家大马戏全球巡演榆林站在正立国际石材城隆重上演皇家马戏、甜品美食诸多精彩不容错过带上萌娃邀约亲友，欢乐出动吧！价值288元门票免费抢价值288元门票免费抢价值288元门票免费抢抢票攻略关注“正立国际石材城”微信公众号转发本条微信至微信朋友圈转发时写：“榆林正立国际石材城皇家大马戏国庆嘉年华门票免费抢！我想去，帮我点赞”或“超想去，帮我点赞”可通过以下任何一种方式获取门票a不转发朋友圈，每张票价288元；b转发朋友圈集赞数达到36个，加9.8元送两张票；c转发朋友圈集赞数达到66个，免费送两张票；d连续转发朋友圈三天，免费送两张票。人多票少不够怎么办？9月24日至10月6日到榆林正立国际石材城接待中心领票者，每天前300名额外免费赠送一张门票，送完即止。温馨提示：每张券对应每个不同时间段的场次！具体派券时间看正立石材城官方公众号通知！疫情期间请自觉佩戴口罩入场！咨询热线：0912-2323333路线不熟，导航正立国际石材城狮虎争霸▲示意图凶猛的老虎，威武的雄狮谁才是真正的森林之王一场力量与智慧的较量只等你来零距离体验！全程刺激无尿点孰胜孰负，快PICK你心中的王猴子过天桥▲示意图猴子天生灵性十足骑单车，样样精通，无所不能是大马戏最具表演天赋的“艺术家”不止是卖萌高手还身怀绝技▲示意图骑山羊、踩高跷、原地空翻一连串精彩演出轮番上映保证让你忍俊不禁，欢笑连连狗熊运动会▲示意图憨态可掬的狗熊从荧幕延伸至舞台吊环、跳马、翻跟头是你钟爱熟悉的熊宝贝无疑了快为它呐喊助威才艺之王震撼全场！小狗当家▲示意图聪明的小狗们收敛淘气一个个乖乖站好，动作标准流利精彩表演，才华横溢做制造欢乐的幽默大师变身你和蔼风趣的好朋友柔术之恋▲示意图在空中连续不断地翻腾、攀吊演员们各种不可思议的动作一次次打破身体极限令你尖叫呐喊，全程心悬一线快跟随各种刺激去探索尽情释放的艺术之美魔术游戏▲示意图享誉中外的魔术大师看他手舞足蹈魔幻装扮让我们零距离感受魔术魅力看他魔力无限直戳你心中的魔术情结环球飞车禁锢在直径不到6米的圆球内五辆摩托车近乎首尾相连、高速飞驰简直让观众叹为观止捏紧拳头又或捂住嘴巴，肾上腺素飙升！▲示意图嗨翻国庆中秋小长假，解锁新玩法带上萌娃，邀上亲友一起到正立国际石材城玩转中秋，国庆节！看场马戏，赏赏大漠风景妥妥的吃喝玩游一站式体验！除了精彩演出更要抢先了解投资商机1、项目优势：选址独特，规模超前，建设高标，榆林首个现代化高标准厂房，可满足石材产销、工业加工、物流仓储等多种业态。2、区位优势：项目比邻榆林高新区二期，该区域未来入驻人口密集，城市配套完善，发展潜力巨大，周边现已形成多个产业园区。项目紧邻榆林高铁站新址，扼守榆马大道交通枢纽，链接210国道、榆蓝高速、包茂高速、仓榆高速、榆佳高速、机场快速干道，货运交通路网四通八达，贯通全国。3、交通优势：项目所处位置得天独厚，交通运输十分便捷，在有效降低物流成本、装运成本、租赁成本的同时，一期抢先入驻的成本较低，增值潜力巨大。4、结构优势：钢结构建筑，预留桁吊轨道，12米+挑层高，17米+开间，货车可直接入库，空间结构灵动组合，自主经营、投资租赁双盈利。5、影响力：榆林市政府招商引资重点项目，榆林首个专业市场获得环评批复项目，环保无忧。6、开发实力：闽商财团巨资打造，闽商协会鼎力支持。7、倍增收益：前店后仓经营模式，买/租一层得两层，1+1+投资受益。8、发展优势：榆林高新区南区2020年将进入快速发展阶段，依托于转型升级带动产业发展，氢能产业园、智能无人系统产业园、新材料产业园、安全产业示范园、高端装备制造园、西沟·桃源里-特色生态产业示范园等6个园区入区，40个重点项目开工建设。商业、教育、医疗、科技、产业、交通、高铁、物流等诸多配套日渐完善，众多品牌房企围猎高新南区，未来区域人口入驻程度及经济发展不可估量。9、营商环境：优化营商环境，发展民生事业。2020年，高新区将主动对标国际一流科技园区，全面实施改革开放高地、科技创新高地、人才聚集高地、营商环境高地、诚信服务高地“五个高地”发展战略，全面实现高新区经济发展。10、高铁经济：榆林高铁南站位于正立国际石材城北侧闫庄则，直线距离2公里。榆林高铁的修建，将改变区域的经济发展及基础产业结构，区域经济发展将迎来“高铁时代”。而作为榆林第一条真正意义上的高速铁路，未来在扩大内需、增加就业和改善人民生活等方面将发挥重要作用。以城际铁路为骨干的多功能、多层次、多方位、立体式的快速高效交通网，对促进以榆林、陕蒙为轴线的地区经济社会又好又快发展将产生重要的推动作用。同时也将促使区域房地产业、物流业、旅游业、餐饮业等产业得到极大发展，全国客商到榆林投资数量不断增多，有利于区域内资本、技术、人力资源的快速流动，从而使城市群间人流、物流效率与质量将大幅度提高，拉动沿线经济和城市群的区域联系，带动相互间的经济发展。',
 'lv_img_url': 'http://www.iygw.cn/uploadfile/2020/0925/thumb_260_0_20200925085319708.jpg',
 'lv_title': '皇家马戏团全球巡演空降榆林高新，国庆七天燃爆全城！'}
Traceback (most recent call last):
  File "f:\programme evironment\python environment\python3\lib\site-packages\twisted\internet\defer.py", line 654, in _runCallbacks
    current.result = callback(current.result, *args, **kw)
  File "f:\programme evironment\python environment\python3\lib\site-packages\scrapy\utils\defer.py", line 150, in f
    return deferred_from_coro(coro_f(*coro_args, **coro_kwargs))
  File "F:\编程语言学习\Python的学习\Python Project\crawker\SpiderPro\SpiderPro\pipelines.py", line 52, in process_item
    self.fp.write(content.encode("utf-8"))
TypeError: write() argument must be str, not bytes
2020-10-28 11:47:28 [scrapy.core.scraper] ERROR: Error processing {'lv_content': '您的“国庆中秋”双节假期即将上线整整8天！要不要趁机出门走走放松一下心情呢？相比城市的拥挤喧嚣安排一场贴近大自然的近郊乡村游或许更惬意！9月29日，西安市长安区旅游公交专线首发，区抗疫先进人物代表、道德模范代表、优秀教师代表、人大代表政协委员及市民家庭等100多人，一起搭乘专线，开启诗意乡村之旅。据小布了解，这条专线为长安区首条旅游公交专线，沿途共设站点16个，单向运营里程约35公里，运行时长约90分钟，途经和辐射60多个景区（景点）：常宁宫、南五台、关中民俗博物院、翠华山等传统景区；长安公园、樊川公园、五台滈河绿洲郊野公园、五台杨树林郊野公园等新型城乡公园；柳青广场、柳青陵园、柳青故居、杨虎城烈士陵园和中共长柞工委革命遗址纪念馆等红色教育景点；太乙村农家乐集群、清水头村农家乐集群、台沟村民宿集群和抱龙村民宿集群以及天子口村乡村新业态集群；风雷618长安酒厂文化园区、唐村·中国农业公园、太乙·长安道、太乙奇幻森林乐园、王莽生态农业观光园、古秦渡酒业水稻种植基地、小峪非遗乡集等众多农文旅融合项目……可以说坐上这条“宝藏线路”就能“一路尽览长安花”还等什么呢？一起上车吧~柳枝低垂，飞鸟欢鸣，一阵阵轻快的脚步，一声声回归山水的惊叹……在长安公园，健身散步、遛娃玩沙、发呆放空，总有一种放松方式适合您。缅怀革命先烈，感受红色文化。杨虎城将军烈士陵园位于风景秀丽的少陵原畔，潏水之滨，和着名的杜公祠相毗邻。陵园内安葬着杨虎城将军及“小萝卜头”宋振中等八位烈士，是国家级烈士陵园、全国重点烈士纪念建筑物保护单位。一路向南，视界愈加宽阔，葱翠间悠然渐显。作为秦岭终南山中段的一个支脉，南五台因山上有清凉、文殊、舍身、灵应、观音五个山峰，故名五台山；又因其位于陕西耀县五台山以南，故名南五台。秋意醉人，来这里爬山观云海，秦岭秀色尽收眼底，美不胜收。行车至五台古镇，自然野趣的杨树林郊野公园让久居城市的人们眼前一亮——高大挺拔的杨树林、迎风飘荡的林间花海，踩着松软的落叶漫步其间，舒适极了。据了解，今年长安区将在乡村建设50个郊野公园，让人们在家门口就能感受最美的秦岭风情。山清水秀的静谧环境，绿色健康的农家饭，似乎有着说不清的魔力，牵引着人们的心和胃。专线沿途经过不少农家乐集群，逛饿了，下车吃一顿纯天然的乡野美食，舒坦！“陌上花栖”“大美林间”“与山居”“诺言凤庭”“拾间房”……长安的民宿不光名字美，还别具设计感。美餐过后，寻一间特色民宿歇歇脚，推窗满目葱茏，卧榻清风鸟鸣，心情顿时变得轻松起来。今年7月，长安·唐村南堡古寨正式对外亮相。这里绿荫蔽日，屋舍俨然，一派诗意田园的归乡之趣。开元风雅、荷染山房、美食好友会、三巡酒馆、诗唐·花朝艺术民宿等特色业态，乡村图书馆、红薯博物馆等特色场馆，错落有致，重现了唐诗山水田园里的生活方式，纾解了工业城市遥远又繁忙的乡愁记忆。假期不知该带孩子去哪玩？专线经过的太乙奇幻森林乐园或许值得一去。研学科普区、奇幻乐园区、丛林探秘区、户外拓展区，四大主题园区让大人、小孩都能在这里放飞自我，彻底玩嗨！鱼虾往来，稻香蛙鸣，流水相依……地处秦岭北麓的刘秀村山川秀美，水源充沛，森林覆盖率达42%。一望无垠的稻田上不时掠过几只白色的水鸟，再现了“漠漠水田飞白鹭，阴阴夏木啭黄鹂”的终南水乡胜景。如果您对非遗文化感兴趣，那一定不要错过旅游公交专线终点站小峪口的非遗乡集。关中秦腔脸谱、鱼化寨泥叫叫、木兰摇土织布……在这里，不仅能欣赏到独具特色的非遗展品，还可以近距离观摩非遗传承人的精湛技艺，参与非遗作品DIY互动体验研学项目。据小布了解，本次推出的旅游公交专线既串联了长安区的大部分景区（景点），又与通村公交线路和西安市环山旅游专线接驳，实现了全区景区（景点）、花园乡村和乡村振兴农文旅融合项目的交通全覆盖，让游客可以乘坐公交车直达全区各旅游景点。广大市民、游客可以持“长安旅游公交专线导览图”赏秦岭山水美景，登临红色景点、古迹遗址沉浸历史，住民宿、吃农家乐、购农特产品，体验运动、休闲、采摘、研学、康养等乡村振兴新项目，来一场“私人订制”的乡村游。温馨提示旅游公交途经站点：长安公园南门（长安区旅游集散中心）、常宁管委会（长安公园）、地铁韦曲南站、滨河大道路口（樊川公园）、常宁宫、柳家寨、王曲路口、长安大道环山路口、五台滈河绿洲郊野公园、五台街办（南五台景区）、五台古镇北门、西甘村（长安唐村·中国农业公园）、太乙·长安道、翠华山、清水头村、小峪口（非遗乡集）16个站点。运营时间：夏季：首班7：30末班17：00冬季：首班7：30末班16：00周一至周五发车间隔2小时；双休日及节假日发车间隔1小时。全天发车，全年不休。票价：2元一票制（支持长安通、微信、支付宝等多种支付方式）。编辑：徐瑞霞',
 'lv_img_url': 'http://www.iygw.cn/uploadfile/2020/0930/thumb_260_0_20200930124330188.jpg',
 'lv_title': '长安诗意乡村游，已安排，快上车！'}
Traceback (most recent call last):
  File "f:\programme evironment\python environment\python3\lib\site-packages\twisted\internet\defer.py", line 654, in _runCallbacks
    current.result = callback(current.result, *args, **kw)
  File "f:\programme evironment\python environment\python3\lib\site-packages\scrapy\utils\defer.py", line 150, in f
    return deferred_from_coro(coro_f(*coro_args, **coro_kwargs))
  File "F:\编程语言学习\Python的学习\Python Project\crawker\SpiderPro\SpiderPro\pipelines.py", line 52, in process_item
    self.fp.write(content.encode("utf-8"))
TypeError: write() argument must be str, not bytes
2020-10-28 11:47:28 [scrapy.core.scraper] ERROR: Error processing {'lv_content': '一、优惠政策执行时间2020年9月6日—2020年11月10日二、优惠政策具体内容(一)景区优惠政策阿勒泰地区所有A级景区对全国游客实行免门票政策。阿勒泰地区A级景区名录联系人：卢金萍联系电话：0906-2126885(二)交通+旅游补贴政策1、包机、切位奖励政策以包机形式组织阿勒泰以外游客(每班不少于50人)来阿旅游的，给予组团社2万元/班次的奖励，班次倍增奖励倍增。以飞机切位形式组织阿勒泰以外游客(每班不少于25人)来阿旅游的，给予组团社200元/人的奖励，人数倍增奖励倍增实施细则：现场查验1.宣传广告资料(照片资料)2.发机仪式及行程中的相关照片备注：由原行网落地执行。奖励申报审批申报流程1.申请包机、切位奖励的旅行社，须在发团前向原行网客源补贴小组报告，并提交《旅行社组织飞机团来阿申报表》(附表2)。2.离阿后10个工作日内将申报材料及填报《2020年阿勒泰地区秋季旅游优惠政策申请表》报送原行网客源补贴小组审核，无异议后予以备案存档。3.审核通过后由申请单位提供相应发票(6%增值税专用发票)，及收款信息。申报材料1.旅行社经营许可证复印件、营业执照复印件；2.《2020年阿勒泰地区秋季旅游优惠政策申请表》(附表1)；3.《旅行社组织飞机团来阿申报表》(附表2)；4.纸质电子行程单及游客名单；5.航班信息；6.所有复印件加盖单位公章(扫描件发至原行网)。联系人：李盈电话：0991-5890002，181292823362、专列奖励政策以专列形式组织阿勒泰以外游客(每趟不少于200人)来阿旅游的，给予组团社4万元/车次的奖励，人数倍增奖励倍增。(由地区财政承担)环准阿火车专列补贴：由乌鲁木齐至准东到富蕴，再经阿勒泰、福海回乌鲁木齐环准格尔盆地阿尔泰山专列，在阿勒泰地区停留3晚以上，每列人数在100人以上的，给予组团社3万元/车次的奖励，人数倍增奖励倍增。实施细则：现场查验1.宣传广告资料(照片资料)2.发车仪式及行程中的相关照片备注：由原行网落地执行。奖励申报审批申报流程1.申请火车专列奖励的旅行社，须在发团前向原行网客源补贴小组报告，并提交《阿勒泰地区专列补贴申报表》(附表3)。2.专列离阿后10个工作日内将申报材料及填报《2020年阿勒泰地区秋季旅游优惠政策申请表》(附表1)报送原行网客源补贴小组审核，无异议后予以备案存档。3.审核通过后由申请单位提供相应发票(6%增值税专用发票)，及收款信息。申报材料1.旅行社经营许可证复印件、营业执照复印件；2.《2020年阿勒泰地区秋季旅游优惠政策申请表》(附表1)；3.《阿勒泰地区专列补贴申报表》(附表3)；4.纸质电子行程单及游客名单；5.入住酒店证明(发票复印件)；6.专列地接车辆信息；7.所有复印件加盖单位公章(扫描件发至原行网)。联系人：李盈电话：0991-5890002，181292823363、汽车团队补贴政策通过汽车团队(17座以上含17座)进阿勒泰地区游览，且在阿勒泰地区内住宿3晚以上的，补贴起始点到阿勒泰地区的往返过路桥费。单团往返补贴过路桥费最高不超过1000元。实施细则：申报流程1.须在发团前5个工作日向原行网客源补贴小组报告，并提交《旅行社组织汽车团来阿申报表》(附表4)；2.团队离阿后10个工作日内将相关申报材料报送至原行网客源补贴小组审核，无异议后予以备案存档；3.审核通过后，由申请单位提供相应发票(6%增值税专用发票)及收款信息。申报材料1.旅行社经营许可证复印件、营业执照复印件；2.车辆车型、车号信息及照片；3.电子行程单(含游客名单)；4.入住酒店证明(宾馆发票复印件)；5.过路费凭据；6.所有的复印件文件需加盖单位公章。原行网客源补贴小组联系人：李盈联系电话：0991-5890002181292823364、自驾奖励政策以自驾形式组织阿勒泰以外游客(车辆不少于20辆，游客不少于60人，阿勒泰地区内住宿不少于2晚)的旅行社(自驾组织)给予2万元/次奖励。实施细则：现场查验1.旅行社需要提供发团前的宣传资料、自驾活动媒体报道等相关文字及照片资料；2.发车仪式及行程中的相关照片；备注：照片资料不少于10张，包括每个景区(点)集体照、游客游览景区照、车辆及景区大门(门票站)照等，所有文字及照片资料要体现活动主题。奖励申报审批(一)申报流程1.申请自驾游团队奖励的旅行社，须在发团前向阿勒泰地区客源补贴小组报告，并提交活动方案及《旅行社组织自驾游团队来阿申报表》(附表5)；2.团队离阿后10个工作日内将填报《2020年阿勒泰地区秋季旅游优惠政策申请表》(附表1)及相关申报材料报送至阿勒泰地区客源补贴小组审核，无异议后予以备案存档；3.审核通过后，由申请单位提供相应发票及收款信息。(二)申报材料1.2020年阿勒泰地区秋季旅游优惠政策申请表(附件1)；2.旅行社经营许可证复印件、营业执照复印件；3.电子行程单；4.自驾团成员名单表；5.入住酒店证明(酒店发票复印件)；6.游览景区证明(景区门票复印件，景区免票期间需提供区间车票复印件)；7.现场查验相关文字及图片资料(需提供电子版加复印件)。备注：所有的复印件文件需加盖单位公章联系人：杨丽娜联系电话：13565791083(微信同号)5、“家乡人游家乡”车费优惠政策对组织阿勒泰地区户籍、常驻阿勒泰地区外地人员在地区内开展红色、科普等研学游的本地旅行社，享受免车费政策。实施细则：1、申报流程1.申请家乡人游家乡的补贴，需在发团前向阿勒泰地区客源补贴小组报告，并提交《“家乡人游家乡”车辆补贴登记表》(附件：6)；2.补贴申报为自执行之日起，每十天统计报送一次，将申报材料报送阿勒泰地区客源补贴小组审核，审核乘车人数、车费(行程累计总额)、用车时间(年月日-年月日)、车型及车号，无异议后予以备案存档。3.审核后由申请单位提供相应发票(6%增值税专用发票)、收款信息(需对应所开具发票内的对公账户)。2、申报材料1.2020年阿勒泰地区秋季旅游优惠政策申请表(附件1)；2.旅行社订车单及电子行程单；3.车队派车单；4.“家乡人游家乡”车辆补贴登记表(附件6)；5.车辆GPS行驶轨迹回放；6.所有复印件加盖公章。联系人：廖元电话：18167677772(三)旅行社送客排名奖励政策政策执行期内，累计对向阿勒泰地区输送游客不低于1000人、排名前五位的旅行社分别给予20万元、15万元、10万元、5万元和3万元奖励。申报流程：符合优惠政策奖励条件的旅行社，于2020年12月31日前向地区文体广旅局提交证明材料，逾期视为其自动放弃。申请人应当提交以下资料：（1）营业执照、旅行社经营许可证等有效证照复印件；（2）团队行程单、酒店发票、景区门票(区间车票)等相关票据；（3）书面申请、《阿勒泰地区旅行社奖补资金申报表》(附件7)，确定奖励周期内赴我区发送团队总数、游客总量；（4）所需要的其他证明材料，由原行网落地执行。联系人：李盈联系电话：0991-589000218129282336本实施细则自发布之日起执行，详情请咨询各政策联系人，由阿勒泰地区文化体育广播电视和旅游局负责解释。阿勒泰地区旅游优惠政策咨询电话：0906-2126885阿勒泰地区旅游服务监督投诉电话：0906-2135638阿勒泰地区文体广旅局纪检监督电话：0906-2131720附件：1：2020年阿勒泰地区秋季旅游优惠政策申请表(通用)2：旅行社组织飞机团来阿申报表3：阿勒泰地区专列补贴申报表4：旅行社组织汽车团来阿申报表5：旅行社组织自驾游团队来阿申报表6：“家乡人游家乡”车辆补贴登记表7：阿勒泰地区旅行社奖补资金申报表(备注：以上所有附件表格以电子打印版为主，如手工写不可涂改，涂改后将视为无效，各项申报表及申报材料原件(盖公章)审核均需与各补贴小组确认邮寄地址！)编辑：薛瑜',
 'lv_img_url': 'http://www.iygw.cn/uploadfile/2020/0906/thumb_260_0_20200906081106210.jpg',
 'lv_title': '阿勒泰地区2020年秋季旅游优惠政策实施细则'}
Traceback (most recent call last):
  File "f:\programme evironment\python environment\python3\lib\site-packages\twisted\internet\defer.py", line 654, in _runCallbacks
    current.result = callback(current.result, *args, **kw)
  File "f:\programme evironment\python environment\python3\lib\site-packages\scrapy\utils\defer.py", line 150, in f
    return deferred_from_coro(coro_f(*coro_args, **coro_kwargs))
  File "F:\编程语言学习\Python的学习\Python Project\crawker\SpiderPro\SpiderPro\pipelines.py", line 52, in process_item
    self.fp.write(content.encode("utf-8"))
TypeError: write() argument must be str, not bytes
